{
  "RSpec": {
    "coverage": {
      "/Users/lwy08/Downloads/gitlabhq/app/models/user.rb": [
        1,
        null,
        null,
        1,
        null,
        null,
        null,
        1,
        null,
        1,
        1,
        1,
        1,
        1,
        null,
        null,
        null,
        1,
        null,
        null,
        null,
        null,
        4,
        null,
        1,
        6,
        null,
        null,
        1,
        385,
        null,
        null,
        1,
        377,
        null,
        null,
        1,
        0,
        null,
        null,
        null,
        null,
        null,
        null,
        null,
        null,
        null,
        null,
        null,
        null,
        null,
        null,
        null,
        null,
        null,
        null,
        null,
        null,
        null,
        null,
        null,
        null
      ],
      "/Users/lwy08/Downloads/gitlabhq/app/controllers/application_controller.rb": [
        1,
        1,
        1,
        null,
        1,
        null,
        1,
        0,
        null,
        null,
        1,
        null,
        1,
        677,
        null,
        null,
        1,
        332,
        null,
        null,
        1,
        148,
        null,
        null,
        1,
        345,
        null,
        null,
        1,
        58,
        null,
        null,
        1,
        167,
        null,
        null,
        1,
        167,
        167,
        null,
        0,
        null,
        null,
        null,
        1,
        23,
        6,
        null,
        17,
        null,
        null,
        23,
        0,
        null,
        23,
        null,
        null,
        23,
        null,
        null,
        1,
        24,
        null,
        null
      ],
      "/Users/lwy08/Downloads/gitlabhq/app/helpers/application_helper.rb": [
        1,
        1,
        1,
        79,
        null,
        null,
        1,
        0,
        0,
        null,
        0,
        null,
        null,
        null,
        1,
        640,
        null,
        null,
        1,
        null,
        0,
        null,
        null,
        null,
        1,
        8,
        0,
        null,
        8,
        null,
        null,
        null,
        1,
        410,
        325,
        null,
        null,
        null,
        null,
        null,
        325,
        null,
        325,
        52,
        null,
        null,
        null,
        null,
        null,
        null,
        null,
        null,
        325,
        null,
        null,
        1,
        0,
        0,
        0,
        0,
        0,
        0,
        0,
        0,
        0,
        0,
        0,
        0,
        0,
        0,
        0,
        0,
        null,
        0,
        null,
        null,
        null
      ],
      "/Users/lwy08/Downloads/gitlabhq/app/helpers/admin/projects_helper.rb": [
        1,
        null
      ],
      "/Users/lwy08/Downloads/gitlabhq/app/helpers/admin/users_helper.rb": [
        1,
        null
      ],
      "/Users/lwy08/Downloads/gitlabhq/app/helpers/commits_helper.rb": [
        1,
        1,
        0,
        0,
        0,
        0,
        null,
        0,
        0,
        null,
        0,
        0,
        null,
        null,
        0,
        null,
        null,
        1,
        0,
        0,
        0,
        null,
        null,
        null
      ],
      "/Users/lwy08/Downloads/gitlabhq/app/helpers/dashboard_helper.rb": [
        1,
        null
      ],
      "/Users/lwy08/Downloads/gitlabhq/app/helpers/issues_helper.rb": [
        1,
        null
      ],
      "/Users/lwy08/Downloads/gitlabhq/app/helpers/keys_helper.rb": [
        1,
        null
      ],
      "/Users/lwy08/Downloads/gitlabhq/app/helpers/profile_helper.rb": [
        1,
        null
      ],
      "/Users/lwy08/Downloads/gitlabhq/app/helpers/projects_helper.rb": [
        1,
        1,
        402,
        402,
        null,
        null
      ],
      "/Users/lwy08/Downloads/gitlabhq/app/helpers/team_members_helper.rb": [
        1,
        null
      ],
      "/Users/lwy08/Downloads/gitlabhq/lib/gitosis.rb": [
        1,
        1,
        1,
        null,
        1,
        1,
        null,
        1,
        null,
        0,
        null,
        0,
        null,
        0,
        null,
        null,
        1,
        0,
        0,
        0,
        0,
        0,
        null,
        0,
        null,
        null,
        1,
        0,
        0,
        0,
        null,
        0,
        0,
        0,
        null,
        0,
        null,
        null,
        null,
        0,
        null,
        null,
        1,
        0,
        null,
        0,
        null,
        0,
        null,
        0,
        null,
        null,
        null,
        1,
        0,
        null,
        null,
        1,
        0,
        0,
        null,
        null,
        null,
        1,
        null,
        0,
        null,
        0,
        0,
        null,
        0,
        null,
        null
      ],
      "/Users/lwy08/Downloads/gitlabhq/app/controllers/admin/mailer_controller.rb": [
        1,
        1,
        1,
        null,
        1,
        null,
        null,
        null,
        1,
        0,
        0,
        0,
        0,
        null,
        0,
        0,
        null,
        0,
        0,
        null,
        0,
        null,
        null,
        0,
        null,
        null,
        1,
        0,
        0,
        null,
        0,
        null,
        0,
        null,
        null,
        1,
        0,
        0,
        0,
        0,
        null,
        0,
        null,
        null
      ],
      "/Users/lwy08/Downloads/gitlabhq/app/controllers/admin/projects_controller.rb": [
        1,
        1,
        1,
        null,
        1,
        9,
        null,
        9,
        9,
        9,
        null,
        null,
        null,
        1,
        5,
        null,
        5,
        5,
        5,
        null,
        null,
        null,
        1,
        4,
        null,
        4,
        4,
        4,
        null,
        null,
        null,
        1,
        3,
        null,
        null,
        1,
        2,
        2,
        null,
        2,
        2,
        4,
        2,
        null,
        0,
        0,
        null,
        null,
        null,
        null,
        1,
        2,
        null,
        2,
        2,
        4,
        2,
        null,
        0,
        0,
        null,
        null,
        null,
        null,
        1,
        0,
        0,
        null,
        0,
        0,
        0,
        null,
        null,
        null
      ],
      "/Users/lwy08/Downloads/gitlabhq/app/models/project.rb": [
        1,
        null,
        1,
        1,
        null,
        1,
        1,
        1,
        1,
        null,
        1,
        null,
        null,
        null,
        null,
        1,
        null,
        null,
        null,
        null,
        1,
        null,
        null,
        1,
        null,
        null,
        null,
        null,
        1,
        null,
        null,
        1,
        null,
        1,
        1,
        1,
        null,
        1,
        null,
        1,
        null,
        1,
        1046,
        null,
        null,
        1,
        61,
        null,
        null,
        1,
        168,
        null,
        null,
        1,
        0,
        0,
        null,
        null,
        null,
        1,
        0,
        0,
        null,
        null,
        null,
        1,
        55,
        141,
        55,
        null,
        null,
        1,
        0,
        null,
        null,
        1,
        380,
        null,
        null,
        1,
        0,
        0,
        null,
        null,
        1,
        380,
        null,
        null,
        1,
        380,
        null,
        null,
        1,
        0,
        null,
        null,
        1,
        0,
        null,
        null,
        1,
        90,
        null,
        null,
        1,
        0,
        null,
        null,
        1,
        121,
        null,
        null,
        1,
        0,
        null,
        null,
        1,
        120,
        null,
        null,
        1,
        13,
        6,
        null,
        7,
        null,
        null,
        null,
        1,
        0,
        0,
        0,
        null,
        null,
        1,
        173,
        0,
        null,
        null,
        2,
        null,
        null,
        1,
        2,
        null,
        2,
        2,
        null,
        null,
        null,
        null,
        null,
        null,
        null,
        null,
        null,
        null,
        null,
        null,
        null,
        null,
        null,
        null,
        null
      ],
      "/Users/lwy08/Downloads/gitlabhq/app/controllers/admin/team_members_controller.rb": [
        1,
        1,
        1,
        null,
        1,
        1,
        null,
        1,
        1,
        1,
        null,
        null,
        null,
        1,
        0,
        null,
        0,
        0,
        0,
        null,
        null,
        null,
        1,
        0,
        null,
        0,
        0,
        0,
        null,
        null,
        null,
        1,
        0,
        null,
        null,
        1,
        0,
        0,
        null,
        0,
        0,
        0,
        0,
        null,
        0,
        0,
        null,
        null,
        null,
        null,
        1,
        0,
        0,
        null,
        0,
        0,
        0,
        0,
        null,
        0,
        0,
        null,
        null,
        null,
        null,
        1,
        0,
        0,
        null,
        0,
        0,
        0,
        null,
        null,
        null
      ],
      "/Users/lwy08/Downloads/gitlabhq/app/controllers/admin/users_controller.rb": [
        1,
        1,
        1,
        null,
        1,
        7,
        null,
        7,
        7,
        7,
        null,
        null,
        null,
        1,
        7,
        null,
        7,
        7,
        7,
        null,
        null,
        null,
        1,
        4,
        null,
        4,
        4,
        4,
        null,
        null,
        null,
        1,
        3,
        null,
        null,
        1,
        4,
        null,
        4,
        4,
        null,
        4,
        4,
        4,
        8,
        4,
        null,
        0,
        0,
        null,
        null,
        null,
        null,
        1,
        2,
        2,
        2,
        2,
        null,
        null,
        2,
        2,
        null,
        2,
        2,
        4,
        2,
        null,
        0,
        0,
        null,
        null,
        null,
        null,
        1,
        0,
        0,
        null,
        0,
        0,
        0,
        null,
        null,
        null
      ],
      "/Users/lwy08/Downloads/gitlabhq/app/controllers/commits_controller.rb": [
        1,
        null,
        1,
        1,
        null,
        null,
        1,
        1,
        null,
        1,
        3,
        null,
        3,
        null,
        0,
        0,
        null,
        0,
        null,
        null,
        0,
        0,
        0,
        null,
        null,
        null,
        1,
        0,
        0,
        0,
        null,
        0,
        0,
        0,
        null,
        null,
        null
      ],
      "/Users/lwy08/Downloads/gitlabhq/app/controllers/dashboard_controller.rb": [
        1,
        1,
        0,
        null,
        null
      ],
      "/Users/lwy08/Downloads/gitlabhq/app/controllers/errors_controller.rb": [
        1,
        1,
        0,
        null,
        null
      ],
      "/Users/lwy08/Downloads/gitlabhq/app/controllers/issues_controller.rb": [
        1,
        1,
        1,
        null,
        null,
        1,
        1,
        1,
        1,
        null,
        1,
        null,
        1,
        26,
        1,
        1,
        0,
        24,
        null,
        null,
        26,
        26,
        26,
        null,
        null,
        null,
        1,
        5,
        5,
        null,
        null,
        1,
        3,
        3,
        null,
        null,
        1,
        1,
        1,
        1,
        null,
        null,
        1,
        4,
        4,
        4,
        4,
        null,
        null,
        4,
        null,
        null,
        1,
        2,
        2,
        null,
        2,
        2,
        2,
        null,
        null,
        null,
        null,
        1,
        1,
        1,
        null,
        1,
        1,
        null,
        null,
        null
      ],
      "/Users/lwy08/Downloads/gitlabhq/app/models/issue.rb": [
        1,
        1,
        1,
        1,
        1,
        null,
        1,
        null,
        1,
        1,
        1,
        null,
        1,
        null,
        null,
        null,
        1,
        null,
        null,
        null,
        1,
        1,
        1,
        null,
        null,
        null,
        null,
        null,
        null,
        null,
        null,
        null,
        null,
        null,
        null,
        null,
        null,
        null,
        null
      ],
      "/Users/lwy08/Downloads/gitlabhq/app/controllers/keys_controller.rb": [
        1,
        1,
        null,
        1,
        10,
        null,
        null,
        1,
        3,
        null,
        3,
        null,
        null,
        1,
        2,
        2,
        null,
        2,
        null,
        null,
        1,
        1,
        1,
        null,
        1,
        2,
        1,
        null,
        null,
        null
      ],
      "/Users/lwy08/Downloads/gitlabhq/app/models/key.rb": [
        1,
        1,
        null,
        1,
        null,
        null,
        null,
        1,
        null,
        null,
        null,
        null,
        1,
        1,
        1,
        null,
        1,
        5,
        null,
        null,
        1,
        0,
        0,
        null,
        0,
        0,
        null,
        null,
        null,
        null,
        1,
        0,
        0,
        null,
        0,
        0,
        null,
        null,
        null,
        null,
        null,
        1,
        0,
        null,
        null,
        null,
        null,
        null,
        null,
        null,
        null,
        null,
        null,
        null,
        null,
        null,
        null,
        null
      ],
      "/Users/lwy08/Downloads/gitlabhq/app/controllers/notes_controller.rb": [
        1,
        1,
        null,
        null,
        1,
        1,
        1,
        null,
        1,
        null,
        1,
        2,
        2,
        null,
        2,
        2,
        null,
        null,
        null,
        2,
        2,
        2,
        null,
        null,
        null,
        1,
        0,
        0,
        null,
        0,
        0,
        null,
        null,
        null,
        1,
        null,
        1,
        4,
        0,
        null,
        0,
        null,
        0,
        null,
        0,
        null,
        null,
        null,
        null
      ],
      "/Users/lwy08/Downloads/gitlabhq/app/models/note.rb": [
        1,
        1,
        null,
        1,
        1,
        1,
        1,
        null,
        null,
        1,
        null,
        1,
        null,
        1,
        null,
        null,
        null,
        1,
        null,
        null,
        null,
        null,
        1,
        null,
        1,
        null,
        null,
        null,
        null,
        null,
        null,
        null,
        null,
        null,
        null,
        null,
        null,
        null,
        null,
        null,
        null
      ],
      "/Users/lwy08/Downloads/gitlabhq/lib/file_size_validator.rb": [
        1,
        1,
        1,
        null,
        1,
        1,
        null,
        1,
        1,
        0,
        0,
        0,
        null,
        null,
        1,
        null,
        null,
        1,
        1,
        null,
        1,
        0,
        null,
        null,
        1,
        1,
        null,
        1,
        0,
        null,
        null,
        null,
        null,
        1,
        11,
        null,
        11,
        null,
        11,
        33,
        null,
        11,
        null,
        11,
        11,
        null,
        0,
        0,
        null,
        0,
        0,
        null,
        0,
        null,
        null,
        null,
        1,
        0,
        null,
        null,
        1,
        1,
        1,
        null,
        null
      ],
      "/Users/lwy08/Downloads/gitlabhq/app/uploaders/attachment_uploader.rb": [
        null,
        null,
        1,
        null,
        null,
        null,
        null,
        null,
        null,
        null,
        1,
        null,
        null,
        null,
        null,
        1,
        0,
        null,
        null,
        null,
        null,
        null,
        null,
        null,
        null,
        null,
        null,
        null,
        null,
        null,
        null,
        null,
        null,
        null,
        null,
        null,
        null,
        null,
        null,
        null,
        null,
        null,
        null,
        null,
        null,
        null,
        null,
        null,
        null
      ],
      "/Users/lwy08/Downloads/gitlabhq/app/controllers/profile_controller.rb": [
        1,
        1,
        5,
        null,
        null,
        1,
        8,
        null,
        null,
        1,
        9,
        3,
        null,
        3,
        3,
        3,
        null,
        0,
        null,
        null,
        null
      ],
      "/Users/lwy08/Downloads/gitlabhq/app/controllers/projects_controller.rb": [
        1,
        1,
        null,
        null,
        1,
        1,
        1,
        null,
        1,
        201,
        null,
        null,
        1,
        5,
        null,
        null,
        1,
        null,
        null,
        1,
        3,
        3,
        null,
        3,
        3,
        3,
        null,
        null,
        3,
        3,
        6,
        3,
        null,
        0,
        0,
        null,
        null,
        null,
        0,
        null,
        0,
        0,
        0,
        0,
        null,
        null,
        null,
        1,
        3,
        3,
        6,
        3,
        null,
        0,
        0,
        null,
        null,
        null,
        null,
        1,
        11,
        0,
        0,
        0,
        null,
        null,
        11,
        22,
        null,
        null,
        null,
        null,
        null,
        null,
        null,
        1,
        6,
        6,
        null,
        null,
        null,
        null,
        null,
        null,
        1,
        20,
        null,
        20,
        null,
        0,
        0,
        null,
        0,
        null,
        null,
        0,
        0,
        null,
        0,
        0,
        0,
        null,
        0,
        0,
        0,
        null,
        null,
        null,
        20,
        null,
        null,
        1,
        4,
        0,
        0,
        null,
        0,
        0,
        null,
        0,
        null,
        null,
        4,
        null,
        null,
        1,
        0,
        null,
        0,
        0,
        null,
        null,
        null,
        1,
        null,
        1,
        205,
        null,
        null
      ],
      "/Users/lwy08/Downloads/gitlabhq/app/controllers/team_members_controller.rb": [
        1,
        1,
        null,
        null,
        1,
        1,
        1,
        null,
        1,
        0,
        null,
        0,
        0,
        0,
        null,
        null,
        null,
        1,
        3,
        null,
        3,
        3,
        3,
        null,
        null,
        null,
        1,
        2,
        2,
        null,
        2,
        2,
        2,
        2,
        null,
        0,
        0,
        null,
        null,
        null,
        null,
        1,
        0,
        0,
        null,
        0,
        0,
        0,
        null,
        null,
        null,
        1,
        1,
        1,
        null,
        1,
        2,
        1,
        null,
        null,
        null
      ],
      "/Users/lwy08/Downloads/gitlabhq/app/mailers/notify.rb": [
        1,
        1,
        1,
        null,
        1,
        3,
        3,
        3,
        null,
        null,
        1,
        3,
        3,
        3,
        null,
        3,
        null,
        null,
        1,
        0,
        0,
        0,
        0,
        null,
        null,
        1,
        0,
        0,
        0,
        0,
        0,
        null,
        null,
        1,
        0,
        0,
        0,
        0,
        0,
        null,
        null
      ],
      "/Users/lwy08/Downloads/gitlabhq/app/models/ability.rb": [
        1,
        1,
        707,
        347,
        360,
        null,
        null,
        null,
        1,
        347,
        null,
        null,
        null,
        null,
        null,
        null,
        347,
        null,
        null,
        null,
        null,
        null,
        347,
        null,
        null,
        null,
        null,
        null,
        null,
        347,
        null,
        347,
        null,
        null
      ],
      "/Users/lwy08/Downloads/gitlabhq/app/models/users_project.rb": [
        1,
        1,
        1,
        null,
        1,
        null,
        1,
        null,
        1,
        1,
        1,
        null,
        1,
        null,
        1,
        0,
        0,
        null,
        null,
        null,
        null,
        null,
        null,
        null,
        null,
        null,
        null,
        null,
        null,
        null,
        null,
        null,
        null,
        null,
        null
      ]
    },
    "timestamp": 1319132217
  }
}
